SF:lib/src/ui/detail/cubit/expand_cubit.dart
DA:4,2
DA:6,3
LF:2
LH:2
end_of_record
SF:lib/src/data/repository/movie_repository_impl.dart
DA:14,1
DA:16,1
DA:18,2
DA:19,3
DA:20,2
DA:21,4
DA:22,0
DA:24,1
DA:28,0
DA:30,0
DA:31,0
DA:32,0
DA:33,0
DA:35,0
DA:39,0
DA:41,0
DA:42,0
DA:43,0
DA:44,0
DA:46,0
LF:20
LH:7
end_of_record
SF:lib/src/data/remote/response/movie_response.dart
DA:10,1
DA:12,1
DA:13,1
DA:14,1
DA:15,1
DA:16,3
DA:17,1
DA:18,1
DA:19,1
DA:23,0
DA:24,0
LF:11
LH:9
end_of_record
SF:lib/src/models/movie.dart
DA:19,2
DA:36,1
DA:39,1
DA:40,1
DA:41,1
DA:42,1
DA:43,3
DA:44,1
DA:45,1
DA:46,1
DA:47,1
DA:48,1
DA:49,1
DA:50,1
DA:51,1
DA:52,1
DA:53,2
DA:57,0
DA:58,0
DA:59,0
DA:60,0
DA:61,0
DA:62,0
DA:63,0
DA:64,0
DA:65,0
DA:66,0
DA:67,0
DA:68,0
DA:69,0
DA:70,0
DA:71,0
DA:72,0
LF:33
LH:17
end_of_record
SF:lib/src/models/movie_image.dart
DA:8,0
DA:10,0
DA:13,0
DA:14,0
DA:15,0
DA:16,0
DA:17,0
DA:18,0
DA:19,0
DA:20,0
DA:21,0
DA:25,0
DA:26,0
LF:13
LH:0
end_of_record
SF:lib/src/models/movie_info.dart
DA:31,1
DA:59,0
DA:60,0
DA:61,0
DA:62,0
DA:67,0
DA:69,0
DA:70,0
DA:76,0
DA:78,0
DA:79,0
DA:80,0
DA:81,0
DA:82,0
DA:89,0
DA:91,0
DA:92,0
DA:93,0
DA:94,0
DA:95,0
DA:96,0
DA:97,0
DA:98,0
DA:99,0
DA:100,0
DA:101,0
DA:102,0
DA:103,0
DA:104,0
DA:105,0
DA:106,0
DA:107,0
DA:108,0
DA:109,0
DA:110,0
DA:111,0
DA:112,0
DA:113,0
DA:114,0
DA:115,0
DA:116,0
DA:117,0
DA:118,0
DA:119,0
DA:120,0
DA:121,0
DA:122,0
DA:123,0
DA:124,0
DA:128,0
DA:129,0
DA:130,0
DA:131,0
DA:132,0
DA:133,0
DA:134,0
DA:135,0
DA:136,0
DA:137,0
DA:138,0
DA:139,0
DA:140,0
DA:141,0
DA:142,0
DA:143,0
DA:144,0
DA:145,0
DA:146,0
DA:147,0
DA:148,0
DA:149,0
DA:150,0
DA:151,0
DA:152,0
DA:153,0
DA:154,0
LF:76
LH:1
end_of_record
SF:lib/src/models/collection.dart
DA:9,1
DA:11,0
DA:14,0
DA:15,0
DA:16,0
DA:17,0
DA:18,0
DA:22,0
DA:23,0
LF:9
LH:1
end_of_record
SF:lib/src/models/company.dart
DA:9,1
DA:11,0
DA:14,0
DA:15,0
DA:16,0
DA:17,0
DA:18,0
DA:22,0
DA:23,0
LF:9
LH:1
end_of_record
SF:lib/src/models/country.dart
DA:7,1
DA:9,0
DA:12,0
DA:13,0
DA:14,0
DA:18,0
DA:19,0
LF:7
LH:1
end_of_record
SF:lib/src/models/genre.dart
DA:7,1
DA:9,0
DA:11,0
DA:14,0
DA:15,0
LF:5
LH:1
end_of_record
SF:lib/src/models/image.dart
DA:12,0
DA:22,0
DA:25,0
DA:26,0
DA:27,0
DA:28,0
DA:29,0
DA:30,0
DA:31,0
DA:32,0
DA:36,0
DA:37,0
DA:38,0
DA:39,0
DA:40,0
DA:41,0
DA:42,0
DA:43,0
DA:44,0
DA:45,0
LF:20
LH:0
end_of_record
SF:lib/src/models/language.dart
DA:8,1
DA:10,0
DA:13,0
DA:14,0
DA:15,0
DA:16,0
DA:20,0
DA:21,0
LF:8
LH:1
end_of_record
SF:lib/src/bloc/movie_bloc/movie_event.dart
DA:8,1
DA:10,0
DA:11,0
LF:3
LH:1
end_of_record
SF:lib/src/bloc/movie_bloc/movie_state.dart
DA:5,1
DA:6,1
DA:15,1
DA:17,1
DA:18,3
DA:24,1
DA:26,1
DA:27,2
LF:8
LH:8
end_of_record
SF:lib/src/bloc/main_bloc_observer.dart
DA:4,0
DA:6,0
DA:9,0
DA:11,0
DA:14,0
DA:16,0
DA:19,0
DA:21,0
LF:8
LH:0
end_of_record
SF:lib/src/bloc/movie_bloc/movie_bloc.dart
DA:11,3
DA:12,2
DA:13,2
DA:14,1
DA:15,2
DA:19,3
DA:20,3
DA:21,1
DA:22,3
LF:9
LH:9
end_of_record
SF:lib/src/bloc/movie_detail_bloc/movie_detail_bloc.dart
DA:11,3
DA:12,2
DA:13,2
DA:14,1
DA:15,2
DA:19,3
DA:20,2
DA:22,1
DA:23,3
LF:9
LH:9
end_of_record
SF:lib/src/bloc/movie_detail_bloc/movie_detail_event.dart
DA:6,1
DA:8,0
DA:9,0
LF:3
LH:1
end_of_record
SF:lib/src/bloc/movie_detail_bloc/movie_detail_state.dart
DA:5,1
DA:6,1
DA:14,1
DA:16,1
DA:17,2
DA:23,1
DA:25,1
DA:26,2
LF:8
LH:8
end_of_record
